<?xml version="1.0" encoding="UTF-8"?>
<!-- Generated by org.testng.reporters.JUnitXMLReporter -->
<testsuite ignored="0" hostname="ICT-OSPC-15357PA1" failures="0" tests="1" name="Test" time="0.05" errors="0" timestamp="2022-08-25T12:10:14 IST">
  <testcase classname="TestDemo1.TestParaBank" name="@BeforeTest launchBrowser" time="-1.661409614877E9">
    <failure type="org.testng.TestNGException" message="
Parameter &amp;apos;browser&amp;apos; is required by BeforeTest on method launchBrowser but has not been marked @Optional or defined
in C:\Users\Altaf Muddassar\eclipse-workspace\ParaBank\TestParaBanksTestNG.xml">
      <![CDATA[org.testng.TestNGException: 
Parameter 'browser' is required by BeforeTest on method launchBrowser but has not been marked @Optional or defined
in C:\Users\Altaf Muddassar\eclipse-workspace\ParaBank\TestParaBanksTestNG.xml
... Removed 21 stack frames]]>
    </failure>
  </testcase> <!-- @BeforeTest launchBrowser -->
  <testcase classname="TestDemo1.TestParaBank" name="@BeforeClass objects" time="-1.661409614902E9">
    <skipped/>
  </testcase> <!-- @BeforeClass objects -->
  <testcase classname="TestDemo1.TestParaBank" name="@BeforeMethod logintoBank" time="-1.661409614912E9">
    <skipped/>
  </testcase> <!-- @BeforeMethod logintoBank -->
  <testcase classname="TestDemo1.TestParaBank" name="varifyTransaction" time="0.0">
    <skipped/>
  </testcase> <!-- varifyTransaction -->
</testsuite> <!-- Test -->
